{"D:\\Arno and Me\\brain-maker\\backend\\src\\inversify.config.ts": {"path":"D:\\Arno and Me\\brain-maker\\backend\\src\\inversify.config.ts","statementMap":{"0":{"start":{"line":1,"column":0},"end":{"line":1,"column":38}},"1":{"start":{"line":2,"column":0},"end":{"line":2,"column":41}},"2":{"start":{"line":3,"column":0},"end":{"line":3,"column":79}},"3":{"start":{"line":4,"column":0},"end":{"line":4,"column":75}},"4":{"start":{"line":5,"column":0},"end":{"line":5,"column":90}},"5":{"start":{"line":6,"column":0},"end":{"line":6,"column":63}},"6":{"start":{"line":7,"column":0},"end":{"line":7,"column":66}},"7":{"start":{"line":8,"column":0},"end":{"line":8,"column":78}},"8":{"start":{"line":9,"column":0},"end":{"line":9,"column":69}},"9":{"start":{"line":13,"column":20},"end":{"line":13,"column":35}},"10":{"start":{"line":23,"column":9},"end":{"line":23,"column":20}},"11":{"start":{"line":15,"column":0},"end":{"line":15,"column":78}},"12":{"start":{"line":16,"column":0},"end":{"line":16,"column":90}},"13":{"start":{"line":17,"column":0},"end":{"line":17,"column":66}},"14":{"start":{"line":18,"column":0},"end":{"line":18,"column":78}},"15":{"start":{"line":19,"column":0},"end":{"line":19,"column":69}},"16":{"start":{"line":20,"column":0},"end":{"line":20,"column":75}},"17":{"start":{"line":21,"column":0},"end":{"line":21,"column":63}}},"fnMap":{},"branchMap":{},"s":{"0":6,"1":6,"2":6,"3":6,"4":6,"5":6,"6":6,"7":6,"8":6,"9":6,"10":6,"11":6,"12":6,"13":6,"14":6,"15":6,"16":6,"17":6},"f":{},"b":{}}
,"D:\\Arno and Me\\brain-maker\\backend\\src\\server.ts": {"path":"D:\\Arno and Me\\brain-maker\\backend\\src\\server.ts","statementMap":{"0":{"start":{"line":1,"column":0},"end":{"line":1,"column":28}},"1":{"start":{"line":2,"column":13},"end":{"line":2,"column":37}},"2":{"start":{"line":5,"column":0},"end":{"line":7,"column":null}},"3":{"start":{"line":6,"column":4},"end":{"line":6,"column":72}},"4":{"start":{"line":6,"column":27},"end":{"line":6,"column":70}},"5":{"start":{"line":9,"column":0},"end":{"line":9,"column":19}}},"fnMap":{"0":{"name":"(anonymous_1)","decl":{"start":{"line":6,"column":21},"end":{"line":6,"column":24}},"loc":{"start":{"line":6,"column":27},"end":{"line":6,"column":70}}}},"branchMap":{"0":{"loc":{"start":{"line":2,"column":13},"end":{"line":2,"column":29}},"type":"binary-expr","locations":[{"start":{"line":2,"column":13},"end":{"line":2,"column":29}},{"start":{"line":2,"column":33},"end":{"line":2,"column":37}}]},"1":{"loc":{"start":{"line":5,"column":0},"end":{"line":7,"column":null}},"type":"if","locations":[{"start":{"line":5,"column":0},"end":{"line":7,"column":null}},{"start":{"line":5,"column":0},"end":{"line":7,"column":null}}]}},"s":{"0":5,"1":5,"2":5,"3":0,"4":0,"5":5},"f":{"0":0},"b":{"0":[5,0],"1":[0,5]}}
,"D:\\Arno and Me\\brain-maker\\backend\\src\\Services\\database.service.ts": {"path":"D:\\Arno and Me\\brain-maker\\backend\\src\\Services\\database.service.ts","statementMap":{"0":{"start":{"line":1,"column":0},"end":{"line":1,"column":37}},"1":{"start":{"line":3,"column":0},"end":{"line":3,"column":26}},"2":{"start":{"line":11,"column":0},"end":{"line":17,"column":null}},"3":{"start":{"line":14,"column":23},"end":{"line":14,"column":53}},"4":{"start":{"line":15,"column":8},"end":{"line":15,"column":21}},"5":{"start":{"line":11,"column":13},"end":{"line":17,"column":null}},"6":{"start":{"line":11,"column":13},"end":{"line":11,"column":28}}},"fnMap":{"0":{"name":"(anonymous_1)","decl":{"start":{"line":13,"column":4},"end":{"line":13,"column":15}},"loc":{"start":{"line":13,"column":15},"end":{"line":16,"column":5}}}},"branchMap":{},"s":{"0":6,"1":6,"2":6,"3":0,"4":0,"5":6,"6":6},"f":{"0":0},"b":{}}
,"D:\\Arno and Me\\brain-maker\\backend\\src\\Services\\localization.service.ts": {"path":"D:\\Arno and Me\\brain-maker\\backend\\src\\Services\\localization.service.ts","statementMap":{"0":{"start":{"line":1,"column":0},"end":{"line":1,"column":45}},"1":{"start":{"line":3,"column":0},"end":{"line":3,"column":26}},"2":{"start":{"line":4,"column":0},"end":{"line":4,"column":32}},"3":{"start":{"line":7,"column":0},"end":{"line":7,"column":35}},"4":{"start":{"line":15,"column":0},"end":{"line":58,"column":null}},"5":{"start":{"line":19,"column":8},"end":{"line":19,"column":47}},"6":{"start":{"line":24,"column":8},"end":{"line":24,"column":45}},"7":{"start":{"line":27,"column":29},"end":{"line":27,"column":61}},"8":{"start":{"line":29,"column":8},"end":{"line":29,"column":34}},"9":{"start":{"line":30,"column":8},"end":{"line":30,"column":28}},"10":{"start":{"line":34,"column":29},"end":{"line":34,"column":117}},"11":{"start":{"line":35,"column":8},"end":{"line":37,"column":null}},"12":{"start":{"line":36,"column":12},"end":{"line":36,"column":54}},"13":{"start":{"line":41,"column":8},"end":{"line":41,"column":83}},"14":{"start":{"line":45,"column":8},"end":{"line":45,"column":96}},"15":{"start":{"line":49,"column":8},"end":{"line":49,"column":103}},"16":{"start":{"line":53,"column":29},"end":{"line":53,"column":95}},"17":{"start":{"line":54,"column":8},"end":{"line":54,"column":40}},"18":{"start":{"line":55,"column":8},"end":{"line":55,"column":28}},"19":{"start":{"line":15,"column":13},"end":{"line":58,"column":null}},"20":{"start":{"line":15,"column":13},"end":{"line":15,"column":32}}},"fnMap":{"0":{"name":"(anonymous_11)","decl":{"start":{"line":18,"column":4},"end":{"line":18,"column":17}},"loc":{"start":{"line":18,"column":80},"end":{"line":20,"column":5}}},"1":{"name":"(anonymous_12)","decl":{"start":{"line":22,"column":10},"end":{"line":22,"column":16}},"loc":{"start":{"line":22,"column":36},"end":{"line":31,"column":null}}},"2":{"name":"(anonymous_14)","decl":{"start":{"line":33,"column":9},"end":{"line":33,"column":15}},"loc":{"start":{"line":33,"column":28},"end":{"line":38,"column":null}}},"3":{"name":"(anonymous_16)","decl":{"start":{"line":40,"column":10},"end":{"line":40,"column":17}},"loc":{"start":{"line":40,"column":17},"end":{"line":42,"column":null}}},"4":{"name":"(anonymous_18)","decl":{"start":{"line":44,"column":10},"end":{"line":44,"column":18}},"loc":{"start":{"line":44,"column":29},"end":{"line":46,"column":null}}},"5":{"name":"(anonymous_20)","decl":{"start":{"line":48,"column":9},"end":{"line":48,"column":19}},"loc":{"start":{"line":48,"column":32},"end":{"line":50,"column":null}}},"6":{"name":"(anonymous_22)","decl":{"start":{"line":52,"column":10},"end":{"line":52,"column":16}},"loc":{"start":{"line":52,"column":48},"end":{"line":56,"column":null}}}},"branchMap":{"0":{"loc":{"start":{"line":35,"column":8},"end":{"line":37,"column":null}},"type":"if","locations":[{"start":{"line":35,"column":8},"end":{"line":37,"column":null}},{"start":{"line":35,"column":8},"end":{"line":37,"column":null}}]}},"s":{"0":6,"1":6,"2":6,"3":6,"4":6,"5":12,"6":12,"7":12,"8":0,"9":0,"10":0,"11":0,"12":0,"13":0,"14":0,"15":0,"16":0,"17":0,"18":0,"19":6,"20":6},"f":{"0":12,"1":12,"2":0,"3":0,"4":0,"5":0,"6":0},"b":{"0":[0,0]}}
,"D:\\Arno and Me\\brain-maker\\backend\\src\\Services\\mailing.service.ts": {"path":"D:\\Arno and Me\\brain-maker\\backend\\src\\Services\\mailing.service.ts","statementMap":{"0":{"start":{"line":1,"column":0},"end":{"line":1,"column":37}},"1":{"start":{"line":2,"column":0},"end":{"line":2,"column":26}},"2":{"start":{"line":9,"column":0},"end":{"line":17,"column":null}},"3":{"start":{"line":9,"column":13},"end":{"line":17,"column":null}},"4":{"start":{"line":9,"column":13},"end":{"line":9,"column":27}}},"fnMap":{"0":{"name":"(anonymous_1)","decl":{"start":{"line":11,"column":4},"end":{"line":11,"column":8}},"loc":{"start":{"line":11,"column":8},"end":{"line":12,"column":5}}},"1":{"name":"(anonymous_2)","decl":{"start":{"line":14,"column":4},"end":{"line":14,"column":9}},"loc":{"start":{"line":14,"column":9},"end":{"line":16,"column":5}}}},"branchMap":{},"s":{"0":6,"1":6,"2":6,"3":6,"4":6},"f":{"0":0,"1":0},"b":{}}
,"D:\\Arno and Me\\brain-maker\\backend\\src\\Services\\media.service.ts": {"path":"D:\\Arno and Me\\brain-maker\\backend\\src\\Services\\media.service.ts","statementMap":{"0":{"start":{"line":1,"column":0},"end":{"line":1,"column":45}},"1":{"start":{"line":2,"column":0},"end":{"line":2,"column":26}},"2":{"start":{"line":3,"column":0},"end":{"line":3,"column":32}},"3":{"start":{"line":8,"column":0},"end":{"line":8,"column":34}},"4":{"start":{"line":16,"column":0},"end":{"line":61,"column":null}},"5":{"start":{"line":20,"column":8},"end":{"line":20,"column":47}},"6":{"start":{"line":25,"column":8},"end":{"line":25,"column":45}},"7":{"start":{"line":28,"column":22},"end":{"line":28,"column":47}},"8":{"start":{"line":30,"column":8},"end":{"line":30,"column":27}},"9":{"start":{"line":31,"column":8},"end":{"line":31,"column":21}},"10":{"start":{"line":35,"column":22},"end":{"line":35,"column":103}},"11":{"start":{"line":36,"column":8},"end":{"line":38,"column":null}},"12":{"start":{"line":37,"column":12},"end":{"line":37,"column":47}},"13":{"start":{"line":44,"column":8},"end":{"line":44,"column":75}},"14":{"start":{"line":48,"column":8},"end":{"line":48,"column":89}},"15":{"start":{"line":52,"column":8},"end":{"line":52,"column":96}},"16":{"start":{"line":56,"column":22},"end":{"line":56,"column":81}},"17":{"start":{"line":57,"column":8},"end":{"line":57,"column":33}},"18":{"start":{"line":58,"column":8},"end":{"line":58,"column":21}},"19":{"start":{"line":16,"column":13},"end":{"line":61,"column":null}},"20":{"start":{"line":16,"column":13},"end":{"line":16,"column":25}}},"fnMap":{"0":{"name":"(anonymous_11)","decl":{"start":{"line":19,"column":4},"end":{"line":19,"column":17}},"loc":{"start":{"line":19,"column":80},"end":{"line":21,"column":5}}},"1":{"name":"(anonymous_12)","decl":{"start":{"line":23,"column":10},"end":{"line":23,"column":16}},"loc":{"start":{"line":23,"column":29},"end":{"line":32,"column":null}}},"2":{"name":"(anonymous_14)","decl":{"start":{"line":34,"column":10},"end":{"line":34,"column":16}},"loc":{"start":{"line":34,"column":29},"end":{"line":39,"column":null}}},"3":{"name":"(anonymous_16)","decl":{"start":{"line":41,"column":10},"end":{"line":41,"column":17}},"loc":{"start":{"line":41,"column":17},"end":{"line":45,"column":null}}},"4":{"name":"(anonymous_18)","decl":{"start":{"line":47,"column":10},"end":{"line":47,"column":18}},"loc":{"start":{"line":47,"column":29},"end":{"line":49,"column":null}}},"5":{"name":"(anonymous_20)","decl":{"start":{"line":51,"column":10},"end":{"line":51,"column":20}},"loc":{"start":{"line":51,"column":33},"end":{"line":53,"column":null}}},"6":{"name":"(anonymous_22)","decl":{"start":{"line":55,"column":10},"end":{"line":55,"column":16}},"loc":{"start":{"line":55,"column":41},"end":{"line":59,"column":null}}}},"branchMap":{"0":{"loc":{"start":{"line":36,"column":8},"end":{"line":38,"column":null}},"type":"if","locations":[{"start":{"line":36,"column":8},"end":{"line":38,"column":null}},{"start":{"line":36,"column":8},"end":{"line":38,"column":null}}]}},"s":{"0":6,"1":6,"2":6,"3":6,"4":6,"5":1,"6":1,"7":1,"8":0,"9":0,"10":0,"11":0,"12":0,"13":0,"14":0,"15":0,"16":0,"17":0,"18":0,"19":6,"20":6},"f":{"0":1,"1":1,"2":0,"3":0,"4":0,"5":0,"6":0},"b":{"0":[0,0]}}
,"D:\\Arno and Me\\brain-maker\\backend\\src\\Services\\security.service.ts": {"path":"D:\\Arno and Me\\brain-maker\\backend\\src\\Services\\security.service.ts","statementMap":{"0":{"start":{"line":1,"column":0},"end":{"line":1,"column":45}},"1":{"start":{"line":2,"column":0},"end":{"line":2,"column":26}},"2":{"start":{"line":3,"column":0},"end":{"line":3,"column":32}},"3":{"start":{"line":7,"column":0},"end":{"line":7,"column":34}},"4":{"start":{"line":8,"column":0},"end":{"line":8,"column":44}},"5":{"start":{"line":9,"column":0},"end":{"line":9,"column":29}},"6":{"start":{"line":10,"column":0},"end":{"line":10,"column":41}},"7":{"start":{"line":17,"column":0},"end":{"line":67,"column":null}},"8":{"start":{"line":21,"column":8},"end":{"line":21,"column":47}},"9":{"start":{"line":27,"column":8},"end":{"line":27,"column":45}},"10":{"start":{"line":29,"column":8},"end":{"line":30,"column":84}},"11":{"start":{"line":31,"column":8},"end":{"line":31,"column":46}},"12":{"start":{"line":32,"column":8},"end":{"line":32,"column":96}},"13":{"start":{"line":32,"column":57},"end":{"line":32,"column":88}},"14":{"start":{"line":36,"column":25},"end":{"line":36,"column":53}},"15":{"start":{"line":38,"column":8},"end":{"line":38,"column":30}},"16":{"start":{"line":39,"column":8},"end":{"line":39,"column":24}},"17":{"start":{"line":43,"column":25},"end":{"line":43,"column":109}},"18":{"start":{"line":44,"column":8},"end":{"line":46,"column":null}},"19":{"start":{"line":45,"column":12},"end":{"line":45,"column":50}},"20":{"start":{"line":50,"column":8},"end":{"line":50,"column":79}},"21":{"start":{"line":54,"column":8},"end":{"line":54,"column":92}},"22":{"start":{"line":58,"column":8},"end":{"line":58,"column":99}},"23":{"start":{"line":62,"column":25},"end":{"line":62,"column":87}},"24":{"start":{"line":63,"column":8},"end":{"line":63,"column":36}},"25":{"start":{"line":64,"column":8},"end":{"line":64,"column":24}},"26":{"start":{"line":17,"column":13},"end":{"line":67,"column":null}},"27":{"start":{"line":17,"column":13},"end":{"line":17,"column":28}}},"fnMap":{"0":{"name":"(anonymous_12)","decl":{"start":{"line":20,"column":4},"end":{"line":20,"column":17}},"loc":{"start":{"line":20,"column":80},"end":{"line":22,"column":5}}},"1":{"name":"(anonymous_13)","decl":{"start":{"line":25,"column":10},"end":{"line":25,"column":16}},"loc":{"start":{"line":25,"column":32},"end":{"line":40,"column":null}}},"2":{"name":"(anonymous_15)","decl":{"start":{"line":32,"column":53},"end":{"line":32,"column":54}},"loc":{"start":{"line":32,"column":57},"end":{"line":32,"column":88}}},"3":{"name":"(anonymous_16)","decl":{"start":{"line":42,"column":10},"end":{"line":42,"column":16}},"loc":{"start":{"line":42,"column":29},"end":{"line":47,"column":null}}},"4":{"name":"(anonymous_18)","decl":{"start":{"line":49,"column":10},"end":{"line":49,"column":17}},"loc":{"start":{"line":49,"column":17},"end":{"line":51,"column":null}}},"5":{"name":"(anonymous_20)","decl":{"start":{"line":53,"column":10},"end":{"line":53,"column":18}},"loc":{"start":{"line":53,"column":29},"end":{"line":55,"column":null}}},"6":{"name":"(anonymous_22)","decl":{"start":{"line":57,"column":10},"end":{"line":57,"column":20}},"loc":{"start":{"line":57,"column":33},"end":{"line":59,"column":null}}},"7":{"name":"(anonymous_24)","decl":{"start":{"line":61,"column":10},"end":{"line":61,"column":16}},"loc":{"start":{"line":61,"column":44},"end":{"line":65,"column":null}}}},"branchMap":{"0":{"loc":{"start":{"line":44,"column":8},"end":{"line":46,"column":null}},"type":"if","locations":[{"start":{"line":44,"column":8},"end":{"line":46,"column":null}},{"start":{"line":44,"column":8},"end":{"line":46,"column":null}}]}},"s":{"0":6,"1":6,"2":6,"3":6,"4":6,"5":6,"6":6,"7":6,"8":5,"9":5,"10":5,"11":5,"12":5,"13":25,"14":0,"15":0,"16":0,"17":0,"18":0,"19":0,"20":0,"21":0,"22":0,"23":0,"24":0,"25":0,"26":6,"27":6},"f":{"0":5,"1":5,"2":25,"3":0,"4":0,"5":0,"6":0,"7":0},"b":{"0":[0,0]}}
,"D:\\Arno and Me\\brain-maker\\backend\\src\\Services\\sms.service.ts": {"path":"D:\\Arno and Me\\brain-maker\\backend\\src\\Services\\sms.service.ts","statementMap":{"0":{"start":{"line":1,"column":0},"end":{"line":1,"column":37}},"1":{"start":{"line":2,"column":0},"end":{"line":2,"column":26}},"2":{"start":{"line":8,"column":0},"end":{"line":11,"column":null}},"3":{"start":{"line":8,"column":13},"end":{"line":11,"column":null}},"4":{"start":{"line":8,"column":13},"end":{"line":8,"column":23}}},"fnMap":{"0":{"name":"(anonymous_1)","decl":{"start":{"line":9,"column":4},"end":{"line":9,"column":8}},"loc":{"start":{"line":9,"column":8},"end":{"line":10,"column":5}}}},"branchMap":{},"s":{"0":6,"1":6,"2":6,"3":6,"4":6},"f":{"0":0},"b":{}}
,"D:\\Arno and Me\\brain-maker\\backend\\src\\Services\\types.ts": {"path":"D:\\Arno and Me\\brain-maker\\backend\\src\\Services\\types.ts","statementMap":{"0":{"start":{"line":1,"column":14},"end":{"line":9,"column":2}},"1":{"start":{"line":11,"column":9},"end":{"line":11,"column":14}}},"fnMap":{},"branchMap":{},"s":{"0":6,"1":6},"f":{},"b":{}}
,"D:\\Arno and Me\\brain-maker\\backend\\src\\Services\\user.service.ts": {"path":"D:\\Arno and Me\\brain-maker\\backend\\src\\Services\\user.service.ts","statementMap":{"0":{"start":{"line":1,"column":0},"end":{"line":1,"column":45}},"1":{"start":{"line":2,"column":0},"end":{"line":2,"column":26}},"2":{"start":{"line":3,"column":0},"end":{"line":3,"column":32}},"3":{"start":{"line":8,"column":0},"end":{"line":8,"column":34}},"4":{"start":{"line":9,"column":0},"end":{"line":9,"column":29}},"5":{"start":{"line":10,"column":0},"end":{"line":10,"column":48}},"6":{"start":{"line":19,"column":0},"end":{"line":100,"column":null}},"7":{"start":{"line":23,"column":8},"end":{"line":23,"column":47}},"8":{"start":{"line":28,"column":8},"end":{"line":28,"column":45}},"9":{"start":{"line":29,"column":8},"end":{"line":29,"column":46}},"10":{"start":{"line":32,"column":21},"end":{"line":32,"column":45}},"11":{"start":{"line":34,"column":8},"end":{"line":34,"column":26}},"12":{"start":{"line":35,"column":8},"end":{"line":35,"column":20}},"13":{"start":{"line":39,"column":21},"end":{"line":39,"column":158}},"14":{"start":{"line":40,"column":8},"end":{"line":42,"column":null}},"15":{"start":{"line":41,"column":12},"end":{"line":41,"column":46}},"16":{"start":{"line":46,"column":8},"end":{"line":46,"column":131}},"17":{"start":{"line":50,"column":8},"end":{"line":50,"column":147}},"18":{"start":{"line":54,"column":8},"end":{"line":54,"column":154}},"19":{"start":{"line":58,"column":21},"end":{"line":58,"column":79}},"20":{"start":{"line":61,"column":31},"end":{"line":61,"column":54}},"21":{"start":{"line":62,"column":8},"end":{"line":62,"column":110}},"22":{"start":{"line":65,"column":8},"end":{"line":65,"column":32}},"23":{"start":{"line":66,"column":8},"end":{"line":66,"column":20}},"24":{"start":{"line":70,"column":8},"end":{"line":70,"column":46}},"25":{"start":{"line":73,"column":21},"end":{"line":95,"column":72}},"26":{"start":{"line":97,"column":8},"end":{"line":97,"column":20}},"27":{"start":{"line":19,"column":13},"end":{"line":100,"column":null}},"28":{"start":{"line":19,"column":13},"end":{"line":19,"column":24}}},"fnMap":{"0":{"name":"(anonymous_18)","decl":{"start":{"line":22,"column":4},"end":{"line":22,"column":17}},"loc":{"start":{"line":22,"column":80},"end":{"line":24,"column":5}}},"1":{"name":"(anonymous_19)","decl":{"start":{"line":26,"column":10},"end":{"line":26,"column":16}},"loc":{"start":{"line":26,"column":28},"end":{"line":36,"column":null}}},"2":{"name":"(anonymous_21)","decl":{"start":{"line":38,"column":10},"end":{"line":38,"column":16}},"loc":{"start":{"line":38,"column":29},"end":{"line":43,"column":null}}},"3":{"name":"(anonymous_23)","decl":{"start":{"line":45,"column":10},"end":{"line":45,"column":17}},"loc":{"start":{"line":45,"column":17},"end":{"line":47,"column":null}}},"4":{"name":"(anonymous_25)","decl":{"start":{"line":49,"column":10},"end":{"line":49,"column":18}},"loc":{"start":{"line":49,"column":29},"end":{"line":51,"column":null}}},"5":{"name":"(anonymous_27)","decl":{"start":{"line":53,"column":10},"end":{"line":53,"column":20}},"loc":{"start":{"line":53,"column":33},"end":{"line":55,"column":null}}},"6":{"name":"(anonymous_29)","decl":{"start":{"line":57,"column":10},"end":{"line":57,"column":16}},"loc":{"start":{"line":57,"column":40},"end":{"line":67,"column":null}}},"7":{"name":"(anonymous_31)","decl":{"start":{"line":69,"column":10},"end":{"line":69,"column":15}},"loc":{"start":{"line":69,"column":58},"end":{"line":98,"column":null}}}},"branchMap":{"0":{"loc":{"start":{"line":40,"column":8},"end":{"line":42,"column":null}},"type":"if","locations":[{"start":{"line":40,"column":8},"end":{"line":42,"column":null}},{"start":{"line":40,"column":8},"end":{"line":42,"column":null}}]},"1":{"loc":{"start":{"line":62,"column":74},"end":{"line":62,"column":86}},"type":"cond-expr","locations":[{"start":{"line":62,"column":74},"end":{"line":62,"column":86}},{"start":{"line":62,"column":88},"end":{"line":62,"column":109}}]},"2":{"loc":{"start":{"line":62,"column":24},"end":{"line":62,"column":38}},"type":"binary-expr","locations":[{"start":{"line":62,"column":24},"end":{"line":62,"column":38}},{"start":{"line":62,"column":42},"end":{"line":62,"column":72}}]}},"s":{"0":6,"1":6,"2":6,"3":6,"4":6,"5":6,"6":6,"7":7,"8":7,"9":7,"10":7,"11":0,"12":0,"13":0,"14":0,"15":0,"16":0,"17":0,"18":0,"19":0,"20":0,"21":0,"22":0,"23":0,"24":0,"25":0,"26":0,"27":6,"28":6},"f":{"0":7,"1":7,"2":0,"3":0,"4":0,"5":0,"6":0,"7":0},"b":{"0":[0,0],"1":[0,0],"2":[0,0]}}
,"D:\\Arno and Me\\brain-maker\\backend\\src\\app\\app.ts": {"path":"D:\\Arno and Me\\brain-maker\\backend\\src\\app\\app.ts","statementMap":{"0":{"start":{"line":3,"column":0},"end":{"line":3,"column":38}},"1":{"start":{"line":5,"column":0},"end":{"line":5,"column":35}},"2":{"start":{"line":7,"column":0},"end":{"line":7,"column":27}},"3":{"start":{"line":9,"column":0},"end":{"line":9,"column":29}},"4":{"start":{"line":10,"column":0},"end":{"line":10,"column":41}},"5":{"start":{"line":24,"column":8},"end":{"line":24,"column":24}},"6":{"start":{"line":25,"column":8},"end":{"line":25,"column":37}},"7":{"start":{"line":26,"column":8},"end":{"line":26,"column":27}},"8":{"start":{"line":27,"column":8},"end":{"line":27,"column":22}},"9":{"start":{"line":35,"column":8},"end":{"line":35,"column":60}},"10":{"start":{"line":36,"column":8},"end":{"line":36,"column":37}},"11":{"start":{"line":37,"column":8},"end":{"line":37,"column":36}},"12":{"start":{"line":38,"column":8},"end":{"line":38,"column":37}},"13":{"start":{"line":45,"column":23},"end":{"line":45,"column":39}},"14":{"start":{"line":46,"column":8},"end":{"line":46,"column":39}},"15":{"start":{"line":47,"column":8},"end":{"line":47,"column":37}},"16":{"start":{"line":51,"column":0},"end":{"line":51,"column":29}}},"fnMap":{"0":{"name":"(anonymous_7)","decl":{"start":{"line":23,"column":4},"end":{"line":23,"column":null}},"loc":{"start":{"line":23,"column":4},"end":{"line":28,"column":5}}},"1":{"name":"(anonymous_8)","decl":{"start":{"line":34,"column":12},"end":{"line":34,"column":23}},"loc":{"start":{"line":34,"column":23},"end":{"line":39,"column":5}}},"2":{"name":"(anonymous_9)","decl":{"start":{"line":44,"column":12},"end":{"line":44,"column":18}},"loc":{"start":{"line":44,"column":18},"end":{"line":48,"column":5}}}},"branchMap":{},"s":{"0":5,"1":5,"2":5,"3":5,"4":5,"5":5,"6":5,"7":5,"8":5,"9":5,"10":5,"11":5,"12":5,"13":5,"14":5,"15":5,"16":5},"f":{"0":5,"1":5,"2":5},"b":{}}
,"D:\\Arno and Me\\brain-maker\\backend\\src\\app\\auth.grade.ts": {"path":"D:\\Arno and Me\\brain-maker\\backend\\src\\app\\auth.grade.ts","statementMap":{"0":{"start":{"line":3,"column":0},"end":{"line":3,"column":31}},"1":{"start":{"line":5,"column":0},"end":{"line":5,"column":33}},"2":{"start":{"line":10,"column":8},"end":{"line":10,"column":null}},"3":{"start":{"line":22,"column":27},"end":{"line":22,"column":55}},"4":{"start":{"line":23,"column":22},"end":{"line":23,"column":60}},"5":{"start":{"line":28,"column":8},"end":{"line":28,"column":54}},"6":{"start":{"line":28,"column":27},"end":{"line":28,"column":54}},"7":{"start":{"line":31,"column":8},"end":{"line":38,"column":11}},"8":{"start":{"line":32,"column":12},"end":{"line":32,"column":29}},"9":{"start":{"line":33,"column":12},"end":{"line":33,"column":48}},"10":{"start":{"line":33,"column":21},"end":{"line":33,"column":48}},"11":{"start":{"line":36,"column":12},"end":{"line":36,"column":28}},"12":{"start":{"line":37,"column":12},"end":{"line":37,"column":19}},"13":{"start":{"line":47,"column":22},"end":{"line":47,"column":97}},"14":{"start":{"line":48,"column":23},"end":{"line":48,"column":37}},"15":{"start":{"line":50,"column":8},"end":{"line":50,"column":109}},"16":{"start":{"line":8,"column":0},"end":{"line":8,"column":13}}},"fnMap":{"0":{"name":"(anonymous_7)","decl":{"start":{"line":9,"column":4},"end":{"line":9,"column":null}},"loc":{"start":{"line":9,"column":4},"end":{"line":11,"column":5}}},"1":{"name":"(anonymous_8)","decl":{"start":{"line":20,"column":4},"end":{"line":20,"column":21}},"loc":{"start":{"line":20,"column":67},"end":{"line":39,"column":5}}},"2":{"name":"(anonymous_9)","decl":{"start":{"line":31,"column":60},"end":{"line":31,"column":61}},"loc":{"start":{"line":31,"column":74},"end":{"line":38,"column":9}}},"3":{"name":"(anonymous_10)","decl":{"start":{"line":45,"column":4},"end":{"line":45,"column":23}},"loc":{"start":{"line":45,"column":106},"end":{"line":51,"column":5}}}},"branchMap":{"0":{"loc":{"start":{"line":23,"column":22},"end":{"line":23,"column":32}},"type":"binary-expr","locations":[{"start":{"line":23,"column":22},"end":{"line":23,"column":32}},{"start":{"line":23,"column":36},"end":{"line":23,"column":60}}]},"1":{"loc":{"start":{"line":28,"column":8},"end":{"line":28,"column":54}},"type":"if","locations":[{"start":{"line":28,"column":8},"end":{"line":28,"column":54}},{"start":{"line":28,"column":8},"end":{"line":28,"column":54}}]},"2":{"loc":{"start":{"line":33,"column":12},"end":{"line":33,"column":48}},"type":"if","locations":[{"start":{"line":33,"column":12},"end":{"line":33,"column":48}},{"start":{"line":33,"column":12},"end":{"line":33,"column":48}}]},"3":{"loc":{"start":{"line":47,"column":47},"end":{"line":47,"column":65}},"type":"cond-expr","locations":[{"start":{"line":47,"column":47},"end":{"line":47,"column":65}},{"start":{"line":47,"column":68},"end":{"line":47,"column":97}}]}},"s":{"0":6,"1":6,"2":10,"3":7,"4":7,"5":7,"6":0,"7":7,"8":7,"9":7,"10":0,"11":7,"12":7,"13":5,"14":5,"15":5,"16":6},"f":{"0":10,"1":7,"2":7,"3":5},"b":{"0":[7,7],"1":[0,7],"2":[0,7],"3":[5,0]}}
,"D:\\Arno and Me\\brain-maker\\backend\\src\\app\\constant.ts": {"path":"D:\\Arno and Me\\brain-maker\\backend\\src\\app\\constant.ts","statementMap":{"0":{"start":{"line":7,"column":8},"end":{"line":28,"column":10}},"1":{"start":{"line":1,"column":0},"end":{"line":1,"column":13}}},"fnMap":{"0":{"name":"(anonymous_0)","decl":{"start":{"line":6,"column":4},"end":{"line":6,"column":12}},"loc":{"start":{"line":6,"column":12},"end":{"line":29,"column":5}}}},"branchMap":{},"s":{"0":5,"1":6},"f":{"0":5},"b":{}}
,"D:\\Arno and Me\\brain-maker\\backend\\src\\app\\routes\\home.route.ts": {"path":"D:\\Arno and Me\\brain-maker\\backend\\src\\app\\routes\\home.route.ts","statementMap":{"0":{"start":{"line":2,"column":0},"end":{"line":2,"column":67}},"1":{"start":{"line":3,"column":24},"end":{"line":3,"column":54}},"2":{"start":{"line":9,"column":4},"end":{"line":9,"column":58}},"3":{"start":{"line":17,"column":8},"end":{"line":17,"column":51}},"4":{"start":{"line":18,"column":8},"end":{"line":26,"column":12}},"5":{"start":{"line":18,"column":51},"end":{"line":26,"column":10}},"6":{"start":{"line":19,"column":39},"end":{"line":19,"column":83}},"7":{"start":{"line":20,"column":12},"end":{"line":20,"column":42}},"8":{"start":{"line":21,"column":12},"end":{"line":21,"column":42}},"9":{"start":{"line":23,"column":12},"end":{"line":25,"column":15}},"10":{"start":{"line":27,"column":8},"end":{"line":35,"column":null}},"11":{"start":{"line":27,"column":52},"end":{"line":35,"column":10}},"12":{"start":{"line":28,"column":39},"end":{"line":28,"column":84}},"13":{"start":{"line":29,"column":12},"end":{"line":29,"column":42}},"14":{"start":{"line":30,"column":12},"end":{"line":30,"column":42}},"15":{"start":{"line":32,"column":12},"end":{"line":34,"column":15}},"16":{"start":{"line":8,"column":0},"end":{"line":8,"column":13}}},"fnMap":{"0":{"name":"(anonymous_7)","decl":{"start":{"line":8,"column":0},"end":{"line":8,"column":13}},"loc":{"start":{"line":8,"column":0},"end":{"line":37,"column":1}}},"1":{"name":"(anonymous_8)","decl":{"start":{"line":16,"column":4},"end":{"line":16,"column":7}},"loc":{"start":{"line":16,"column":23},"end":{"line":36,"column":5}}},"2":{"name":"(anonymous_9)","decl":{"start":{"line":18,"column":32},"end":{"line":18,"column":39}},"loc":{"start":{"line":18,"column":51},"end":{"line":26,"column":10}}},"3":{"name":"(anonymous_10)","decl":{"start":{"line":18,"column":51},"end":{"line":18,"column":null}},"loc":{"start":{"line":18,"column":51},"end":{"line":26,"column":9}}},"4":{"name":"(anonymous_11)","decl":{"start":{"line":27,"column":33},"end":{"line":27,"column":40}},"loc":{"start":{"line":27,"column":52},"end":{"line":35,"column":10}}},"5":{"name":"(anonymous_12)","decl":{"start":{"line":27,"column":52},"end":{"line":27,"column":null}},"loc":{"start":{"line":27,"column":52},"end":{"line":35,"column":9}}}},"branchMap":{},"s":{"0":5,"1":5,"2":5,"3":5,"4":5,"5":0,"6":0,"7":0,"8":0,"9":0,"10":5,"11":0,"12":0,"13":0,"14":0,"15":0,"16":5},"f":{"0":5,"1":5,"2":0,"3":0,"4":0,"5":0},"b":{}}
,"D:\\Arno and Me\\brain-maker\\backend\\src\\app\\routes\\localization.route.ts": {"path":"D:\\Arno and Me\\brain-maker\\backend\\src\\app\\routes\\localization.route.ts","statementMap":{"0":{"start":{"line":2,"column":0},"end":{"line":2,"column":85}},"1":{"start":{"line":9,"column":4},"end":{"line":9,"column":85}},"2":{"start":{"line":18,"column":8},"end":{"line":18,"column":103}},"3":{"start":{"line":19,"column":8},"end":{"line":19,"column":108}},"4":{"start":{"line":20,"column":8},"end":{"line":20,"column":119}},"5":{"start":{"line":21,"column":8},"end":{"line":21,"column":103}},"6":{"start":{"line":22,"column":8},"end":{"line":22,"column":111}},"7":{"start":{"line":23,"column":8},"end":{"line":23,"column":103}},"8":{"start":{"line":8,"column":0},"end":{"line":8,"column":13}}},"fnMap":{"0":{"name":"(anonymous_0)","decl":{"start":{"line":8,"column":0},"end":{"line":8,"column":13}},"loc":{"start":{"line":8,"column":0},"end":{"line":25,"column":1}}},"1":{"name":"(anonymous_1)","decl":{"start":{"line":17,"column":4},"end":{"line":17,"column":7}},"loc":{"start":{"line":17,"column":45},"end":{"line":24,"column":5}}}},"branchMap":{},"s":{"0":5,"1":5,"2":5,"3":5,"4":5,"5":5,"6":5,"7":5,"8":5},"f":{"0":5,"1":5},"b":{}}
,"D:\\Arno and Me\\brain-maker\\backend\\src\\app\\routes\\media.route.ts": {"path":"D:\\Arno and Me\\brain-maker\\backend\\src\\app\\routes\\media.route.ts","statementMap":{"0":{"start":{"line":2,"column":0},"end":{"line":2,"column":71}},"1":{"start":{"line":9,"column":4},"end":{"line":9,"column":64}},"2":{"start":{"line":18,"column":8},"end":{"line":18,"column":89}},"3":{"start":{"line":19,"column":8},"end":{"line":19,"column":93}},"4":{"start":{"line":20,"column":8},"end":{"line":20,"column":104}},"5":{"start":{"line":21,"column":8},"end":{"line":21,"column":89}},"6":{"start":{"line":22,"column":8},"end":{"line":22,"column":97}},"7":{"start":{"line":23,"column":8},"end":{"line":23,"column":89}},"8":{"start":{"line":8,"column":0},"end":{"line":8,"column":13}}},"fnMap":{"0":{"name":"(anonymous_0)","decl":{"start":{"line":8,"column":0},"end":{"line":8,"column":13}},"loc":{"start":{"line":8,"column":0},"end":{"line":25,"column":1}}},"1":{"name":"(anonymous_1)","decl":{"start":{"line":17,"column":4},"end":{"line":17,"column":7}},"loc":{"start":{"line":17,"column":45},"end":{"line":24,"column":5}}}},"branchMap":{},"s":{"0":5,"1":5,"2":5,"3":5,"4":5,"5":5,"6":5,"7":5,"8":5},"f":{"0":5,"1":5},"b":{}}
,"D:\\Arno and Me\\brain-maker\\backend\\src\\app\\routes\\routes.ts": {"path":"D:\\Arno and Me\\brain-maker\\backend\\src\\app\\routes\\routes.ts","statementMap":{"0":{"start":{"line":1,"column":0},"end":{"line":1,"column":41}},"1":{"start":{"line":3,"column":0},"end":{"line":3,"column":47}},"2":{"start":{"line":4,"column":0},"end":{"line":4,"column":39}},"3":{"start":{"line":5,"column":0},"end":{"line":5,"column":41}},"4":{"start":{"line":6,"column":0},"end":{"line":6,"column":55}},"5":{"start":{"line":7,"column":0},"end":{"line":7,"column":40}},"6":{"start":{"line":15,"column":8},"end":{"line":15,"column":41}},"7":{"start":{"line":23,"column":8},"end":{"line":23,"column":36}},"8":{"start":{"line":24,"column":8},"end":{"line":24,"column":56}},"9":{"start":{"line":25,"column":8},"end":{"line":25,"column":52}},"10":{"start":{"line":26,"column":8},"end":{"line":26,"column":53}},"11":{"start":{"line":27,"column":8},"end":{"line":27,"column":60}},"12":{"start":{"line":12,"column":0},"end":{"line":12,"column":13}}},"fnMap":{"0":{"name":"(anonymous_0)","decl":{"start":{"line":14,"column":4},"end":{"line":14,"column":null}},"loc":{"start":{"line":14,"column":4},"end":{"line":16,"column":5}}},"1":{"name":"(anonymous_1)","decl":{"start":{"line":22,"column":4},"end":{"line":22,"column":13}},"loc":{"start":{"line":22,"column":29},"end":{"line":28,"column":5}}}},"branchMap":{},"s":{"0":5,"1":5,"2":5,"3":5,"4":5,"5":5,"6":5,"7":5,"8":5,"9":5,"10":5,"11":5,"12":5},"f":{"0":5,"1":5},"b":{}}
,"D:\\Arno and Me\\brain-maker\\backend\\src\\app\\routes\\security.route.ts": {"path":"D:\\Arno and Me\\brain-maker\\backend\\src\\app\\routes\\security.route.ts","statementMap":{"0":{"start":{"line":2,"column":0},"end":{"line":2,"column":77}},"1":{"start":{"line":9,"column":4},"end":{"line":9,"column":78}},"2":{"start":{"line":18,"column":4},"end":{"line":18,"column":94}},"3":{"start":{"line":19,"column":4},"end":{"line":19,"column":98}},"4":{"start":{"line":20,"column":4},"end":{"line":20,"column":109}},"5":{"start":{"line":21,"column":4},"end":{"line":21,"column":65}},"6":{"start":{"line":22,"column":4},"end":{"line":22,"column":102}},"7":{"start":{"line":8,"column":0},"end":{"line":8,"column":13}}},"fnMap":{"0":{"name":"(anonymous_0)","decl":{"start":{"line":8,"column":0},"end":{"line":8,"column":13}},"loc":{"start":{"line":8,"column":0},"end":{"line":25,"column":1}}},"1":{"name":"(anonymous_1)","decl":{"start":{"line":17,"column":0},"end":{"line":17,"column":3}},"loc":{"start":{"line":17,"column":41},"end":{"line":24,"column":1}}}},"branchMap":{},"s":{"0":5,"1":5,"2":5,"3":5,"4":5,"5":5,"6":5,"7":5},"f":{"0":5,"1":5},"b":{}}
,"D:\\Arno and Me\\brain-maker\\backend\\src\\app\\routes\\user.route.ts": {"path":"D:\\Arno and Me\\brain-maker\\backend\\src\\app\\routes\\user.route.ts","statementMap":{"0":{"start":{"line":2,"column":0},"end":{"line":2,"column":69}},"1":{"start":{"line":18,"column":8},"end":{"line":18,"column":53}},"2":{"start":{"line":19,"column":8},"end":{"line":19,"column":87}},"3":{"start":{"line":20,"column":8},"end":{"line":20,"column":92}},"4":{"start":{"line":21,"column":8},"end":{"line":21,"column":103}},"5":{"start":{"line":22,"column":8},"end":{"line":22,"column":59}},"6":{"start":{"line":23,"column":8},"end":{"line":23,"column":64}},"7":{"start":{"line":24,"column":8},"end":{"line":24,"column":95}},"8":{"start":{"line":25,"column":8},"end":{"line":25,"column":87}},"9":{"start":{"line":8,"column":0},"end":{"line":8,"column":13}}},"fnMap":{"0":{"name":"(anonymous_0)","decl":{"start":{"line":17,"column":4},"end":{"line":17,"column":7}},"loc":{"start":{"line":17,"column":45},"end":{"line":26,"column":5}}}},"branchMap":{},"s":{"0":5,"1":5,"2":5,"3":5,"4":5,"5":5,"6":5,"7":5,"8":5,"9":5},"f":{"0":5},"b":{}}
,"D:\\Arno and Me\\brain-maker\\backend\\src\\controllers\\home.controller.ts": {"path":"D:\\Arno and Me\\brain-maker\\backend\\src\\controllers\\home.controller.ts","statementMap":{"0":{"start":{"line":5,"column":8},"end":{"line":7,"column":11}},"1":{"start":{"line":3,"column":0},"end":{"line":3,"column":13}}},"fnMap":{"0":{"name":"(anonymous_0)","decl":{"start":{"line":4,"column":4},"end":{"line":4,"column":9}},"loc":{"start":{"line":4,"column":37},"end":{"line":8,"column":5}}}},"branchMap":{},"s":{"0":1,"1":5},"f":{"0":1},"b":{}}
,"D:\\Arno and Me\\brain-maker\\backend\\src\\controllers\\localizations.controller.ts": {"path":"D:\\Arno and Me\\brain-maker\\backend\\src\\controllers\\localizations.controller.ts","statementMap":{"0":{"start":{"line":4,"column":0},"end":{"line":4,"column":48}},"1":{"start":{"line":6,"column":0},"end":{"line":6,"column":40}},"2":{"start":{"line":21,"column":8},"end":{"line":27,"column":null}},"3":{"start":{"line":22,"column":34},"end":{"line":22,"column":114}},"4":{"start":{"line":23,"column":12},"end":{"line":23,"column":43}},"5":{"start":{"line":25,"column":12},"end":{"line":25,"column":74}},"6":{"start":{"line":26,"column":12},"end":{"line":26,"column":45}},"7":{"start":{"line":36,"column":8},"end":{"line":42,"column":null}},"8":{"start":{"line":37,"column":33},"end":{"line":37,"column":131}},"9":{"start":{"line":38,"column":12},"end":{"line":38,"column":42}},"10":{"start":{"line":40,"column":12},"end":{"line":40,"column":77}},"11":{"start":{"line":41,"column":12},"end":{"line":41,"column":45}},"12":{"start":{"line":51,"column":8},"end":{"line":57,"column":null}},"13":{"start":{"line":52,"column":33},"end":{"line":52,"column":128}},"14":{"start":{"line":53,"column":12},"end":{"line":53,"column":42}},"15":{"start":{"line":55,"column":12},"end":{"line":55,"column":77}},"16":{"start":{"line":56,"column":12},"end":{"line":56,"column":45}},"17":{"start":{"line":66,"column":8},"end":{"line":73,"column":null}},"18":{"start":{"line":67,"column":41},"end":{"line":67,"column":49}},"19":{"start":{"line":68,"column":33},"end":{"line":68,"column":116}},"20":{"start":{"line":69,"column":12},"end":{"line":69,"column":42}},"21":{"start":{"line":71,"column":12},"end":{"line":71,"column":77}},"22":{"start":{"line":72,"column":12},"end":{"line":72,"column":45}},"23":{"start":{"line":82,"column":8},"end":{"line":89,"column":null}},"24":{"start":{"line":83,"column":41},"end":{"line":83,"column":49}},"25":{"start":{"line":84,"column":33},"end":{"line":84,"column":132}},"26":{"start":{"line":85,"column":12},"end":{"line":85,"column":42}},"27":{"start":{"line":87,"column":12},"end":{"line":87,"column":78}},"28":{"start":{"line":88,"column":12},"end":{"line":88,"column":45}},"29":{"start":{"line":98,"column":8},"end":{"line":104,"column":null}},"30":{"start":{"line":99,"column":33},"end":{"line":99,"column":127}},"31":{"start":{"line":100,"column":12},"end":{"line":100,"column":52}},"32":{"start":{"line":102,"column":12},"end":{"line":102,"column":62}},"33":{"start":{"line":103,"column":12},"end":{"line":103,"column":45}},"34":{"start":{"line":13,"column":0},"end":{"line":13,"column":13}}},"fnMap":{"0":{"name":"(anonymous_7)","decl":{"start":{"line":20,"column":10},"end":{"line":20,"column":17}},"loc":{"start":{"line":20,"column":45},"end":{"line":28,"column":null}}},"1":{"name":"(anonymous_9)","decl":{"start":{"line":35,"column":10},"end":{"line":35,"column":20}},"loc":{"start":{"line":35,"column":48},"end":{"line":43,"column":null}}},"2":{"name":"(anonymous_11)","decl":{"start":{"line":50,"column":10},"end":{"line":50,"column":18}},"loc":{"start":{"line":50,"column":46},"end":{"line":58,"column":null}}},"3":{"name":"(anonymous_13)","decl":{"start":{"line":65,"column":10},"end":{"line":65,"column":16}},"loc":{"start":{"line":65,"column":44},"end":{"line":74,"column":null}}},"4":{"name":"(anonymous_15)","decl":{"start":{"line":81,"column":10},"end":{"line":81,"column":13}},"loc":{"start":{"line":81,"column":41},"end":{"line":90,"column":null}}},"5":{"name":"(anonymous_17)","decl":{"start":{"line":97,"column":10},"end":{"line":97,"column":16}},"loc":{"start":{"line":97,"column":44},"end":{"line":105,"column":null}}}},"branchMap":{},"s":{"0":5,"1":5,"2":0,"3":0,"4":0,"5":0,"6":0,"7":0,"8":0,"9":0,"10":0,"11":0,"12":0,"13":0,"14":0,"15":0,"16":0,"17":6,"18":6,"19":6,"20":0,"21":6,"22":6,"23":0,"24":0,"25":0,"26":0,"27":0,"28":0,"29":0,"30":0,"31":0,"32":0,"33":0,"34":5},"f":{"0":0,"1":0,"2":0,"3":6,"4":0,"5":0},"b":{}}
,"D:\\Arno and Me\\brain-maker\\backend\\src\\controllers\\medias.controller.ts": {"path":"D:\\Arno and Me\\brain-maker\\backend\\src\\controllers\\medias.controller.ts","statementMap":{"0":{"start":{"line":3,"column":18},"end":{"line":3,"column":48}},"1":{"start":{"line":6,"column":0},"end":{"line":6,"column":48}},"2":{"start":{"line":8,"column":0},"end":{"line":8,"column":40}},"3":{"start":{"line":20,"column":8},"end":{"line":26,"column":null}},"4":{"start":{"line":21,"column":27},"end":{"line":21,"column":93}},"5":{"start":{"line":22,"column":12},"end":{"line":22,"column":36}},"6":{"start":{"line":24,"column":12},"end":{"line":24,"column":67}},"7":{"start":{"line":25,"column":12},"end":{"line":25,"column":45}},"8":{"start":{"line":35,"column":8},"end":{"line":41,"column":null}},"9":{"start":{"line":36,"column":26},"end":{"line":36,"column":110}},"10":{"start":{"line":37,"column":12},"end":{"line":37,"column":35}},"11":{"start":{"line":39,"column":12},"end":{"line":39,"column":70}},"12":{"start":{"line":40,"column":12},"end":{"line":40,"column":45}},"13":{"start":{"line":50,"column":8},"end":{"line":56,"column":null}},"14":{"start":{"line":51,"column":26},"end":{"line":51,"column":107}},"15":{"start":{"line":52,"column":12},"end":{"line":52,"column":35}},"16":{"start":{"line":54,"column":12},"end":{"line":54,"column":70}},"17":{"start":{"line":55,"column":12},"end":{"line":55,"column":45}},"18":{"start":{"line":65,"column":8},"end":{"line":72,"column":null}},"19":{"start":{"line":66,"column":34},"end":{"line":66,"column":42}},"20":{"start":{"line":67,"column":26},"end":{"line":67,"column":95}},"21":{"start":{"line":68,"column":12},"end":{"line":68,"column":35}},"22":{"start":{"line":70,"column":12},"end":{"line":70,"column":70}},"23":{"start":{"line":71,"column":12},"end":{"line":71,"column":45}},"24":{"start":{"line":81,"column":8},"end":{"line":88,"column":null}},"25":{"start":{"line":82,"column":34},"end":{"line":82,"column":42}},"26":{"start":{"line":83,"column":26},"end":{"line":83,"column":111}},"27":{"start":{"line":84,"column":12},"end":{"line":84,"column":35}},"28":{"start":{"line":86,"column":12},"end":{"line":86,"column":71}},"29":{"start":{"line":87,"column":12},"end":{"line":87,"column":45}},"30":{"start":{"line":97,"column":8},"end":{"line":103,"column":null}},"31":{"start":{"line":98,"column":26},"end":{"line":98,"column":106}},"32":{"start":{"line":99,"column":12},"end":{"line":99,"column":52}},"33":{"start":{"line":101,"column":12},"end":{"line":101,"column":55}},"34":{"start":{"line":102,"column":12},"end":{"line":102,"column":45}},"35":{"start":{"line":12,"column":0},"end":{"line":12,"column":13}}},"fnMap":{"0":{"name":"(anonymous_7)","decl":{"start":{"line":19,"column":10},"end":{"line":19,"column":17}},"loc":{"start":{"line":19,"column":45},"end":{"line":27,"column":null}}},"1":{"name":"(anonymous_9)","decl":{"start":{"line":34,"column":10},"end":{"line":34,"column":20}},"loc":{"start":{"line":34,"column":48},"end":{"line":42,"column":null}}},"2":{"name":"(anonymous_11)","decl":{"start":{"line":49,"column":10},"end":{"line":49,"column":18}},"loc":{"start":{"line":49,"column":46},"end":{"line":57,"column":null}}},"3":{"name":"(anonymous_13)","decl":{"start":{"line":64,"column":10},"end":{"line":64,"column":16}},"loc":{"start":{"line":64,"column":44},"end":{"line":73,"column":null}}},"4":{"name":"(anonymous_15)","decl":{"start":{"line":80,"column":10},"end":{"line":80,"column":13}},"loc":{"start":{"line":80,"column":41},"end":{"line":89,"column":null}}},"5":{"name":"(anonymous_17)","decl":{"start":{"line":96,"column":10},"end":{"line":96,"column":16}},"loc":{"start":{"line":96,"column":44},"end":{"line":104,"column":null}}}},"branchMap":{},"s":{"0":5,"1":5,"2":5,"3":0,"4":0,"5":0,"6":0,"7":0,"8":0,"9":0,"10":0,"11":0,"12":0,"13":0,"14":0,"15":0,"16":0,"17":0,"18":1,"19":1,"20":1,"21":0,"22":1,"23":1,"24":0,"25":0,"26":0,"27":0,"28":0,"29":0,"30":0,"31":0,"32":0,"33":0,"34":0,"35":5},"f":{"0":0,"1":0,"2":0,"3":1,"4":0,"5":0},"b":{}}
,"D:\\Arno and Me\\brain-maker\\backend\\src\\controllers\\securities.controller.ts": {"path":"D:\\Arno and Me\\brain-maker\\backend\\src\\controllers\\securities.controller.ts","statementMap":{"0":{"start":{"line":3,"column":0},"end":{"line":3,"column":48}},"1":{"start":{"line":5,"column":0},"end":{"line":5,"column":40}},"2":{"start":{"line":17,"column":8},"end":{"line":23,"column":null}},"3":{"start":{"line":18,"column":31},"end":{"line":18,"column":103}},"4":{"start":{"line":19,"column":12},"end":{"line":19,"column":40}},"5":{"start":{"line":21,"column":12},"end":{"line":21,"column":71}},"6":{"start":{"line":22,"column":12},"end":{"line":22,"column":45}},"7":{"start":{"line":32,"column":8},"end":{"line":38,"column":null}},"8":{"start":{"line":33,"column":29},"end":{"line":33,"column":119}},"9":{"start":{"line":34,"column":12},"end":{"line":34,"column":38}},"10":{"start":{"line":36,"column":12},"end":{"line":36,"column":73}},"11":{"start":{"line":37,"column":12},"end":{"line":37,"column":45}},"12":{"start":{"line":47,"column":8},"end":{"line":53,"column":null}},"13":{"start":{"line":48,"column":29},"end":{"line":48,"column":116}},"14":{"start":{"line":49,"column":12},"end":{"line":49,"column":38}},"15":{"start":{"line":51,"column":12},"end":{"line":51,"column":73}},"16":{"start":{"line":52,"column":12},"end":{"line":52,"column":45}},"17":{"start":{"line":62,"column":8},"end":{"line":69,"column":null}},"18":{"start":{"line":63,"column":37},"end":{"line":63,"column":45}},"19":{"start":{"line":64,"column":29},"end":{"line":64,"column":104}},"20":{"start":{"line":65,"column":12},"end":{"line":65,"column":38}},"21":{"start":{"line":67,"column":12},"end":{"line":67,"column":73}},"22":{"start":{"line":68,"column":12},"end":{"line":68,"column":45}},"23":{"start":{"line":78,"column":8},"end":{"line":85,"column":null}},"24":{"start":{"line":79,"column":37},"end":{"line":79,"column":45}},"25":{"start":{"line":80,"column":29},"end":{"line":80,"column":120}},"26":{"start":{"line":81,"column":12},"end":{"line":81,"column":38}},"27":{"start":{"line":83,"column":12},"end":{"line":83,"column":74}},"28":{"start":{"line":84,"column":12},"end":{"line":84,"column":45}},"29":{"start":{"line":94,"column":8},"end":{"line":100,"column":null}},"30":{"start":{"line":95,"column":29},"end":{"line":95,"column":115}},"31":{"start":{"line":96,"column":12},"end":{"line":96,"column":52}},"32":{"start":{"line":98,"column":12},"end":{"line":98,"column":58}},"33":{"start":{"line":99,"column":12},"end":{"line":99,"column":45}},"34":{"start":{"line":10,"column":0},"end":{"line":10,"column":13}}},"fnMap":{"0":{"name":"(anonymous_7)","decl":{"start":{"line":16,"column":10},"end":{"line":16,"column":17}},"loc":{"start":{"line":16,"column":45},"end":{"line":24,"column":null}}},"1":{"name":"(anonymous_9)","decl":{"start":{"line":31,"column":10},"end":{"line":31,"column":20}},"loc":{"start":{"line":31,"column":48},"end":{"line":39,"column":null}}},"2":{"name":"(anonymous_11)","decl":{"start":{"line":46,"column":10},"end":{"line":46,"column":18}},"loc":{"start":{"line":46,"column":46},"end":{"line":54,"column":null}}},"3":{"name":"(anonymous_13)","decl":{"start":{"line":61,"column":10},"end":{"line":61,"column":16}},"loc":{"start":{"line":61,"column":44},"end":{"line":70,"column":null}}},"4":{"name":"(anonymous_15)","decl":{"start":{"line":77,"column":10},"end":{"line":77,"column":13}},"loc":{"start":{"line":77,"column":41},"end":{"line":86,"column":null}}},"5":{"name":"(anonymous_17)","decl":{"start":{"line":93,"column":10},"end":{"line":93,"column":16}},"loc":{"start":{"line":93,"column":44},"end":{"line":101,"column":null}}}},"branchMap":{},"s":{"0":5,"1":5,"2":0,"3":0,"4":0,"5":0,"6":0,"7":0,"8":0,"9":0,"10":0,"11":0,"12":0,"13":0,"14":0,"15":0,"16":0,"17":5,"18":5,"19":5,"20":0,"21":5,"22":5,"23":0,"24":0,"25":0,"26":0,"27":0,"28":0,"29":0,"30":0,"31":0,"32":0,"33":0,"34":5},"f":{"0":0,"1":0,"2":0,"3":5,"4":0,"5":0},"b":{}}
,"D:\\Arno and Me\\brain-maker\\backend\\src\\controllers\\users.controller.ts": {"path":"D:\\Arno and Me\\brain-maker\\backend\\src\\controllers\\users.controller.ts","statementMap":{"0":{"start":{"line":9,"column":0},"end":{"line":9,"column":29}},"1":{"start":{"line":10,"column":0},"end":{"line":10,"column":48}},"2":{"start":{"line":12,"column":0},"end":{"line":12,"column":40}},"3":{"start":{"line":25,"column":8},"end":{"line":31,"column":null}},"4":{"start":{"line":26,"column":26},"end":{"line":26,"column":90}},"5":{"start":{"line":27,"column":12},"end":{"line":27,"column":35}},"6":{"start":{"line":29,"column":12},"end":{"line":29,"column":66}},"7":{"start":{"line":30,"column":12},"end":{"line":30,"column":45}},"8":{"start":{"line":40,"column":8},"end":{"line":46,"column":null}},"9":{"start":{"line":41,"column":25},"end":{"line":41,"column":107}},"10":{"start":{"line":42,"column":12},"end":{"line":42,"column":34}},"11":{"start":{"line":44,"column":12},"end":{"line":44,"column":69}},"12":{"start":{"line":45,"column":12},"end":{"line":45,"column":45}},"13":{"start":{"line":55,"column":8},"end":{"line":61,"column":null}},"14":{"start":{"line":56,"column":25},"end":{"line":56,"column":104}},"15":{"start":{"line":57,"column":12},"end":{"line":57,"column":34}},"16":{"start":{"line":59,"column":12},"end":{"line":59,"column":69}},"17":{"start":{"line":60,"column":12},"end":{"line":60,"column":45}},"18":{"start":{"line":70,"column":8},"end":{"line":77,"column":null}},"19":{"start":{"line":71,"column":33},"end":{"line":71,"column":41}},"20":{"start":{"line":72,"column":25},"end":{"line":72,"column":92}},"21":{"start":{"line":73,"column":12},"end":{"line":73,"column":34}},"22":{"start":{"line":75,"column":12},"end":{"line":75,"column":69}},"23":{"start":{"line":76,"column":12},"end":{"line":76,"column":45}},"24":{"start":{"line":86,"column":8},"end":{"line":93,"column":null}},"25":{"start":{"line":87,"column":33},"end":{"line":87,"column":41}},"26":{"start":{"line":88,"column":25},"end":{"line":88,"column":108}},"27":{"start":{"line":89,"column":12},"end":{"line":89,"column":34}},"28":{"start":{"line":91,"column":12},"end":{"line":91,"column":70}},"29":{"start":{"line":92,"column":12},"end":{"line":92,"column":45}},"30":{"start":{"line":102,"column":8},"end":{"line":108,"column":null}},"31":{"start":{"line":103,"column":25},"end":{"line":103,"column":103}},"32":{"start":{"line":104,"column":12},"end":{"line":104,"column":52}},"33":{"start":{"line":106,"column":12},"end":{"line":106,"column":54}},"34":{"start":{"line":107,"column":12},"end":{"line":107,"column":45}},"35":{"start":{"line":116,"column":8},"end":{"line":125,"column":null}},"36":{"start":{"line":117,"column":64},"end":{"line":117,"column":72}},"37":{"start":{"line":118,"column":12},"end":{"line":118,"column":50}},"38":{"start":{"line":120,"column":25},"end":{"line":120,"column":91}},"39":{"start":{"line":121,"column":12},"end":{"line":121,"column":34}},"40":{"start":{"line":123,"column":12},"end":{"line":123,"column":67}},"41":{"start":{"line":124,"column":12},"end":{"line":124,"column":45}},"42":{"start":{"line":17,"column":0},"end":{"line":17,"column":13}}},"fnMap":{"0":{"name":"(anonymous_8)","decl":{"start":{"line":24,"column":10},"end":{"line":24,"column":17}},"loc":{"start":{"line":24,"column":45},"end":{"line":32,"column":null}}},"1":{"name":"(anonymous_10)","decl":{"start":{"line":39,"column":10},"end":{"line":39,"column":20}},"loc":{"start":{"line":39,"column":48},"end":{"line":47,"column":null}}},"2":{"name":"(anonymous_12)","decl":{"start":{"line":54,"column":10},"end":{"line":54,"column":18}},"loc":{"start":{"line":54,"column":46},"end":{"line":62,"column":null}}},"3":{"name":"(anonymous_14)","decl":{"start":{"line":69,"column":10},"end":{"line":69,"column":16}},"loc":{"start":{"line":69,"column":44},"end":{"line":78,"column":null}}},"4":{"name":"(anonymous_16)","decl":{"start":{"line":85,"column":10},"end":{"line":85,"column":13}},"loc":{"start":{"line":85,"column":41},"end":{"line":94,"column":null}}},"5":{"name":"(anonymous_18)","decl":{"start":{"line":101,"column":10},"end":{"line":101,"column":16}},"loc":{"start":{"line":101,"column":44},"end":{"line":109,"column":null}}},"6":{"name":"(anonymous_20)","decl":{"start":{"line":115,"column":10},"end":{"line":115,"column":15}},"loc":{"start":{"line":115,"column":43},"end":{"line":126,"column":null}}}},"branchMap":{},"s":{"0":5,"1":5,"2":5,"3":0,"4":0,"5":0,"6":0,"7":0,"8":0,"9":0,"10":0,"11":0,"12":0,"13":0,"14":0,"15":0,"16":0,"17":0,"18":7,"19":7,"20":7,"21":0,"22":7,"23":7,"24":0,"25":0,"26":0,"27":0,"28":0,"29":0,"30":0,"31":0,"32":0,"33":0,"34":0,"35":0,"36":0,"37":0,"38":0,"39":0,"40":0,"41":0,"42":5},"f":{"0":0,"1":0,"2":0,"3":7,"4":0,"5":0,"6":0},"b":{}}
,"D:\\Arno and Me\\brain-maker\\backend\\src\\databases\\config\\config.database.ts": {"path":"D:\\Arno and Me\\brain-maker\\backend\\src\\databases\\config\\config.database.ts","statementMap":{"0":{"start":{"line":1,"column":0},"end":{"line":1,"column":33}},"1":{"start":{"line":6,"column":8},"end":{"line":6,"column":24}},"2":{"start":{"line":14,"column":8},"end":{"line":36,"column":10}},"3":{"start":{"line":40,"column":8},"end":{"line":44,"column":null}},"4":{"start":{"line":41,"column":32},"end":{"line":41,"column":68}},"5":{"start":{"line":42,"column":25},"end":{"line":42,"column":54}},"6":{"start":{"line":43,"column":31},"end":{"line":43,"column":66}},"7":{"start":{"line":3,"column":0},"end":{"line":3,"column":13}}},"fnMap":{"0":{"name":"(anonymous_6)","decl":{"start":{"line":5,"column":4},"end":{"line":5,"column":null}},"loc":{"start":{"line":5,"column":4},"end":{"line":7,"column":5}}},"1":{"name":"(anonymous_7)","decl":{"start":{"line":13,"column":4},"end":{"line":13,"column":13}},"loc":{"start":{"line":13,"column":13},"end":{"line":37,"column":5}}},"2":{"name":"(anonymous_8)","decl":{"start":{"line":39,"column":4},"end":{"line":39,"column":10}},"loc":{"start":{"line":39,"column":22},"end":{"line":45,"column":5}}}},"branchMap":{"0":{"loc":{"start":{"line":41,"column":12},"end":{"line":41,"column":68}},"type":"switch","locations":[{"start":{"line":41,"column":12},"end":{"line":41,"column":68}},{"start":{"line":42,"column":12},"end":{"line":42,"column":54}},{"start":{"line":43,"column":12},"end":{"line":43,"column":66}}]}},"s":{"0":6,"1":6,"2":6,"3":6,"4":0,"5":6,"6":0,"7":6},"f":{"0":6,"1":6,"2":6},"b":{"0":[0,6,0]}}
,"D:\\Arno and Me\\brain-maker\\backend\\src\\databases\\models\\index.ts": {"path":"D:\\Arno and Me\\brain-maker\\backend\\src\\databases\\models\\index.ts","statementMap":{"0":{"start":{"line":3,"column":0},"end":{"line":3,"column":34}},"1":{"start":{"line":5,"column":0},"end":{"line":5,"column":26}},"2":{"start":{"line":6,"column":0},"end":{"line":6,"column":30}},"3":{"start":{"line":7,"column":0},"end":{"line":7,"column":57}},"4":{"start":{"line":9,"column":17},"end":{"line":9,"column":42}},"5":{"start":{"line":10,"column":12},"end":{"line":10,"column":49}},"6":{"start":{"line":11,"column":15},"end":{"line":11,"column":47}},"7":{"start":{"line":12,"column":11},"end":{"line":12,"column":13}},"8":{"start":{"line":18,"column":0},"end":{"line":18,"column":83}},"9":{"start":{"line":20,"column":0},"end":{"line":20,"column":33}},"10":{"start":{"line":22,"column":0},"end":{"line":31,"column":5}},"11":{"start":{"line":25,"column":4},"end":{"line":25,"column":90}},"12":{"start":{"line":28,"column":18},"end":{"line":28,"column":85}},"13":{"start":{"line":30,"column":6},"end":{"line":30,"column":29}},"14":{"start":{"line":33,"column":0},"end":{"line":39,"column":3}},"15":{"start":{"line":35,"column":4},"end":{"line":38,"column":null}},"16":{"start":{"line":37,"column":6},"end":{"line":37,"column":34}},"17":{"start":{"line":42,"column":0},"end":{"line":42,"column":25}},"18":{"start":{"line":44,"column":0},"end":{"line":44,"column":25}},"19":{"start":{"line":46,"column":0},"end":{"line":46,"column":20}}},"fnMap":{"0":{"name":"(anonymous_7)","decl":{"start":{"line":24,"column":10},"end":{"line":24,"column":11}},"loc":{"start":{"line":24,"column":92},"end":{"line":26,"column":3}}},"1":{"name":"(anonymous_8)","decl":{"start":{"line":27,"column":11},"end":{"line":27,"column":12}},"loc":{"start":{"line":27,"column":25},"end":{"line":31,"column":3}}},"2":{"name":"(anonymous_9)","decl":{"start":{"line":33,"column":24},"end":{"line":33,"column":33}},"loc":{"start":{"line":33,"column":36},"end":{"line":39,"column":1}}}},"branchMap":{"0":{"loc":{"start":{"line":10,"column":12},"end":{"line":10,"column":32}},"type":"binary-expr","locations":[{"start":{"line":10,"column":12},"end":{"line":10,"column":32}},{"start":{"line":10,"column":36},"end":{"line":10,"column":49}}]},"1":{"loc":{"start":{"line":25,"column":12},"end":{"line":25,"column":35}},"type":"binary-expr","locations":[{"start":{"line":25,"column":12},"end":{"line":25,"column":35}},{"start":{"line":25,"column":41},"end":{"line":25,"column":58}},{"start":{"line":25,"column":64},"end":{"line":25,"column":88}}]},"2":{"loc":{"start":{"line":35,"column":4},"end":{"line":38,"column":null}},"type":"if","locations":[{"start":{"line":35,"column":4},"end":{"line":38,"column":null}},{"start":{"line":35,"column":4},"end":{"line":38,"column":null}}]}},"s":{"0":6,"1":6,"2":6,"3":6,"4":6,"5":6,"6":6,"7":6,"8":6,"9":6,"10":6,"11":30,"12":0,"13":0,"14":6,"15":0,"16":0,"17":6,"18":6,"19":6},"f":{"0":30,"1":0,"2":0},"b":{"0":[6,0],"1":[30,30,24],"2":[0,0]}}
,"D:\\Arno and Me\\brain-maker\\backend\\src\\tests\\db.handle.ts": {"path":"D:\\Arno and Me\\brain-maker\\backend\\src\\tests\\db.handle.ts","statementMap":{"0":{"start":{"line":4,"column":0},"end":{"line":4,"column":33}},"1":{"start":{"line":6,"column":24},"end":{"line":6,"column":54}},"2":{"start":{"line":14,"column":8},"end":{"line":14,"column":24}},"3":{"start":{"line":15,"column":8},"end":{"line":15,"column":47}},"4":{"start":{"line":18,"column":8},"end":{"line":18,"column":40}},"5":{"start":{"line":19,"column":8},"end":{"line":19,"column":46}},"6":{"start":{"line":23,"column":8},"end":{"line":23,"column":44}},"7":{"start":{"line":27,"column":8},"end":{"line":27,"column":47}},"8":{"start":{"line":31,"column":8},"end":{"line":40,"column":null}},"9":{"start":{"line":32,"column":39},"end":{"line":32,"column":58}},"10":{"start":{"line":34,"column":12},"end":{"line":36,"column":null}},"11":{"start":{"line":35,"column":16},"end":{"line":35,"column":50}},"12":{"start":{"line":37,"column":12},"end":{"line":37,"column":45}},"13":{"start":{"line":9,"column":0},"end":{"line":9,"column":14}}},"fnMap":{"0":{"name":"(anonymous_13)","decl":{"start":{"line":12,"column":4},"end":{"line":12,"column":null}},"loc":{"start":{"line":12,"column":4},"end":{"line":16,"column":5}}},"1":{"name":"(anonymous_14)","decl":{"start":{"line":17,"column":10},"end":{"line":17,"column":16}},"loc":{"start":{"line":17,"column":16},"end":{"line":20,"column":null}}},"2":{"name":"(anonymous_16)","decl":{"start":{"line":22,"column":10},"end":{"line":22,"column":14}},"loc":{"start":{"line":22,"column":14},"end":{"line":24,"column":null}}},"3":{"name":"(anonymous_18)","decl":{"start":{"line":26,"column":10},"end":{"line":26,"column":17}},"loc":{"start":{"line":26,"column":17},"end":{"line":28,"column":null}}},"4":{"name":"(anonymous_20)","decl":{"start":{"line":30,"column":10},"end":{"line":30,"column":13}},"loc":{"start":{"line":30,"column":29},"end":{"line":41,"column":null}}}},"branchMap":{"0":{"loc":{"start":{"line":34,"column":12},"end":{"line":36,"column":null}},"type":"if","locations":[{"start":{"line":34,"column":12},"end":{"line":36,"column":null}},{"start":{"line":34,"column":12},"end":{"line":36,"column":null}}]}},"s":{"0":6,"1":6,"2":6,"3":6,"4":50,"5":50,"6":25,"7":25,"8":100,"9":100,"10":100,"11":0,"12":100,"13":6},"f":{"0":6,"1":50,"2":25,"3":25,"4":100},"b":{"0":[0,100]}}
,"D:\\Arno and Me\\brain-maker\\backend\\src\\tests\\fake.data.ts": {"path":"D:\\Arno and Me\\brain-maker\\backend\\src\\tests\\fake.data.ts","statementMap":{"0":{"start":{"line":16,"column":8},"end":{"line":16,"column":31}},"1":{"start":{"line":17,"column":8},"end":{"line":17,"column":24}},"2":{"start":{"line":18,"column":8},"end":{"line":18,"column":23}},"3":{"start":{"line":19,"column":8},"end":{"line":19,"column":27}},"4":{"start":{"line":27,"column":8},"end":{"line":43,"column":10}},"5":{"start":{"line":51,"column":8},"end":{"line":59,"column":10}},"6":{"start":{"line":67,"column":8},"end":{"line":73,"column":10}},"7":{"start":{"line":81,"column":8},"end":{"line":96,"column":10}},"8":{"start":{"line":6,"column":0},"end":{"line":6,"column":13}}},"fnMap":{"0":{"name":"(anonymous_0)","decl":{"start":{"line":15,"column":4},"end":{"line":15,"column":null}},"loc":{"start":{"line":15,"column":4},"end":{"line":20,"column":5}}},"1":{"name":"(anonymous_1)","decl":{"start":{"line":26,"column":11},"end":{"line":26,"column":18}},"loc":{"start":{"line":26,"column":18},"end":{"line":44,"column":5}}},"2":{"name":"(anonymous_2)","decl":{"start":{"line":50,"column":12},"end":{"line":50,"column":23}},"loc":{"start":{"line":50,"column":23},"end":{"line":60,"column":5}}},"3":{"name":"(anonymous_3)","decl":{"start":{"line":66,"column":12},"end":{"line":66,"column":20}},"loc":{"start":{"line":66,"column":20},"end":{"line":74,"column":5}}},"4":{"name":"(anonymous_4)","decl":{"start":{"line":80,"column":12},"end":{"line":80,"column":27}},"loc":{"start":{"line":80,"column":27},"end":{"line":97,"column":5}}}},"branchMap":{},"s":{"0":5,"1":5,"2":5,"3":5,"4":5,"5":5,"6":5,"7":5,"8":5},"f":{"0":5,"1":5,"2":5,"3":5,"4":5},"b":{}}
}
