TN:
SF:src\inversify.config.ts
FNF:0
FNH:0
DA:1,6
DA:2,6
DA:3,6
DA:4,6
DA:5,6
DA:6,6
DA:7,6
DA:8,6
DA:9,6
DA:13,6
DA:15,6
DA:16,6
DA:17,6
DA:18,6
DA:19,6
DA:20,6
DA:21,6
DA:23,6
LF:18
LH:18
BRF:0
BRH:0
end_of_record
TN:
SF:src\server.ts
FN:6,(anonymous_1)
FNF:1
FNH:0
FNDA:0,(anonymous_1)
DA:1,5
DA:2,5
DA:5,5
DA:6,0
DA:9,5
LF:5
LH:4
BRDA:2,0,0,5
BRDA:2,0,1,0
BRDA:5,1,0,0
BRDA:5,1,1,5
BRF:4
BRH:2
end_of_record
TN:
SF:src\Services\database.service.ts
FN:13,(anonymous_1)
FNF:1
FNH:0
FNDA:0,(anonymous_1)
DA:1,6
DA:3,6
DA:11,6
DA:14,0
DA:15,0
LF:5
LH:3
BRF:0
BRH:0
end_of_record
TN:
SF:src\Services\localization.service.ts
FN:18,(anonymous_11)
FN:22,(anonymous_12)
FN:33,(anonymous_14)
FN:40,(anonymous_16)
FN:44,(anonymous_18)
FN:48,(anonymous_20)
FN:52,(anonymous_22)
FNF:7
FNH:2
FNDA:12,(anonymous_11)
FNDA:12,(anonymous_12)
FNDA:0,(anonymous_14)
FNDA:0,(anonymous_16)
FNDA:0,(anonymous_18)
FNDA:0,(anonymous_20)
FNDA:0,(anonymous_22)
DA:1,6
DA:3,6
DA:4,6
DA:7,6
DA:15,6
DA:19,12
DA:24,12
DA:27,12
DA:29,0
DA:30,0
DA:34,0
DA:35,0
DA:36,0
DA:41,0
DA:45,0
DA:49,0
DA:53,0
DA:54,0
DA:55,0
LF:19
LH:8
BRDA:35,0,0,0
BRDA:35,0,1,0
BRF:2
BRH:0
end_of_record
TN:
SF:src\Services\mailing.service.ts
FN:11,(anonymous_1)
FN:14,(anonymous_2)
FNF:2
FNH:0
FNDA:0,(anonymous_1)
FNDA:0,(anonymous_2)
DA:1,6
DA:2,6
DA:9,6
LF:3
LH:3
BRF:0
BRH:0
end_of_record
TN:
SF:src\Services\media.service.ts
FN:19,(anonymous_11)
FN:23,(anonymous_12)
FN:34,(anonymous_14)
FN:41,(anonymous_16)
FN:47,(anonymous_18)
FN:51,(anonymous_20)
FN:55,(anonymous_22)
FNF:7
FNH:2
FNDA:1,(anonymous_11)
FNDA:1,(anonymous_12)
FNDA:0,(anonymous_14)
FNDA:0,(anonymous_16)
FNDA:0,(anonymous_18)
FNDA:0,(anonymous_20)
FNDA:0,(anonymous_22)
DA:1,6
DA:2,6
DA:3,6
DA:8,6
DA:16,6
DA:20,1
DA:25,1
DA:28,1
DA:30,0
DA:31,0
DA:35,0
DA:36,0
DA:37,0
DA:44,0
DA:48,0
DA:52,0
DA:56,0
DA:57,0
DA:58,0
LF:19
LH:8
BRDA:36,0,0,0
BRDA:36,0,1,0
BRF:2
BRH:0
end_of_record
TN:
SF:src\Services\security.service.ts
FN:20,(anonymous_12)
FN:25,(anonymous_13)
FN:32,(anonymous_15)
FN:42,(anonymous_16)
FN:49,(anonymous_18)
FN:53,(anonymous_20)
FN:57,(anonymous_22)
FN:61,(anonymous_24)
FNF:8
FNH:3
FNDA:5,(anonymous_12)
FNDA:5,(anonymous_13)
FNDA:25,(anonymous_15)
FNDA:0,(anonymous_16)
FNDA:0,(anonymous_18)
FNDA:0,(anonymous_20)
FNDA:0,(anonymous_22)
FNDA:0,(anonymous_24)
DA:1,6
DA:2,6
DA:3,6
DA:7,6
DA:8,6
DA:9,6
DA:10,6
DA:17,6
DA:21,5
DA:27,5
DA:29,5
DA:31,5
DA:32,25
DA:36,0
DA:38,0
DA:39,0
DA:43,0
DA:44,0
DA:45,0
DA:50,0
DA:54,0
DA:58,0
DA:62,0
DA:63,0
DA:64,0
LF:25
LH:13
BRDA:44,0,0,0
BRDA:44,0,1,0
BRF:2
BRH:0
end_of_record
TN:
SF:src\Services\sms.service.ts
FN:9,(anonymous_1)
FNF:1
FNH:0
FNDA:0,(anonymous_1)
DA:1,6
DA:2,6
DA:8,6
LF:3
LH:3
BRF:0
BRH:0
end_of_record
TN:
SF:src\Services\types.ts
FNF:0
FNH:0
DA:1,6
DA:11,6
LF:2
LH:2
BRF:0
BRH:0
end_of_record
TN:
SF:src\Services\user.service.ts
FN:22,(anonymous_18)
FN:26,(anonymous_19)
FN:38,(anonymous_21)
FN:45,(anonymous_23)
FN:49,(anonymous_25)
FN:53,(anonymous_27)
FN:57,(anonymous_29)
FN:69,(anonymous_31)
FNF:8
FNH:2
FNDA:7,(anonymous_18)
FNDA:7,(anonymous_19)
FNDA:0,(anonymous_21)
FNDA:0,(anonymous_23)
FNDA:0,(anonymous_25)
FNDA:0,(anonymous_27)
FNDA:0,(anonymous_29)
FNDA:0,(anonymous_31)
DA:1,6
DA:2,6
DA:3,6
DA:8,6
DA:9,6
DA:10,6
DA:19,6
DA:23,7
DA:28,7
DA:29,7
DA:32,7
DA:34,0
DA:35,0
DA:39,0
DA:40,0
DA:41,0
DA:46,0
DA:50,0
DA:54,0
DA:58,0
DA:61,0
DA:62,0
DA:65,0
DA:66,0
DA:70,0
DA:73,0
DA:97,0
LF:27
LH:11
BRDA:40,0,0,0
BRDA:40,0,1,0
BRDA:62,1,0,0
BRDA:62,1,1,0
BRDA:62,2,0,0
BRDA:62,2,1,0
BRF:6
BRH:0
end_of_record
TN:
SF:src\app\app.ts
FN:23,(anonymous_7)
FN:34,(anonymous_8)
FN:44,(anonymous_9)
FNF:3
FNH:3
FNDA:5,(anonymous_7)
FNDA:5,(anonymous_8)
FNDA:5,(anonymous_9)
DA:3,5
DA:5,5
DA:7,5
DA:9,5
DA:10,5
DA:24,5
DA:25,5
DA:26,5
DA:27,5
DA:35,5
DA:36,5
DA:37,5
DA:38,5
DA:45,5
DA:46,5
DA:47,5
DA:51,5
LF:17
LH:17
BRF:0
BRH:0
end_of_record
TN:
SF:src\app\auth.grade.ts
FN:9,(anonymous_7)
FN:20,(anonymous_8)
FN:31,(anonymous_9)
FN:45,(anonymous_10)
FNF:4
FNH:4
FNDA:10,(anonymous_7)
FNDA:7,(anonymous_8)
FNDA:7,(anonymous_9)
FNDA:5,(anonymous_10)
DA:3,6
DA:5,6
DA:8,6
DA:10,10
DA:22,7
DA:23,7
DA:28,7
DA:31,7
DA:32,7
DA:33,7
DA:36,7
DA:37,7
DA:47,5
DA:48,5
DA:50,5
LF:15
LH:15
BRDA:23,0,0,7
BRDA:23,0,1,7
BRDA:28,1,0,0
BRDA:28,1,1,7
BRDA:33,2,0,0
BRDA:33,2,1,7
BRDA:47,3,0,5
BRDA:47,3,1,0
BRF:8
BRH:5
end_of_record
TN:
SF:src\app\constant.ts
FN:6,(anonymous_0)
FNF:1
FNH:1
FNDA:5,(anonymous_0)
DA:1,6
DA:7,5
LF:2
LH:2
BRF:0
BRH:0
end_of_record
TN:
SF:src\app\routes\home.route.ts
FN:8,(anonymous_7)
FN:16,(anonymous_8)
FN:18,(anonymous_9)
FN:18,(anonymous_10)
FN:27,(anonymous_11)
FN:27,(anonymous_12)
FNF:6
FNH:2
FNDA:5,(anonymous_7)
FNDA:5,(anonymous_8)
FNDA:0,(anonymous_9)
FNDA:0,(anonymous_10)
FNDA:0,(anonymous_11)
FNDA:0,(anonymous_12)
DA:2,5
DA:3,5
DA:8,5
DA:9,5
DA:17,5
DA:18,5
DA:19,0
DA:20,0
DA:21,0
DA:23,0
DA:27,5
DA:28,0
DA:29,0
DA:30,0
DA:32,0
LF:15
LH:7
BRF:0
BRH:0
end_of_record
TN:
SF:src\app\routes\localization.route.ts
FN:8,(anonymous_0)
FN:17,(anonymous_1)
FNF:2
FNH:2
FNDA:5,(anonymous_0)
FNDA:5,(anonymous_1)
DA:2,5
DA:8,5
DA:9,5
DA:18,5
DA:19,5
DA:20,5
DA:21,5
DA:22,5
DA:23,5
LF:9
LH:9
BRF:0
BRH:0
end_of_record
TN:
SF:src\app\routes\media.route.ts
FN:8,(anonymous_0)
FN:17,(anonymous_1)
FNF:2
FNH:2
FNDA:5,(anonymous_0)
FNDA:5,(anonymous_1)
DA:2,5
DA:8,5
DA:9,5
DA:18,5
DA:19,5
DA:20,5
DA:21,5
DA:22,5
DA:23,5
LF:9
LH:9
BRF:0
BRH:0
end_of_record
TN:
SF:src\app\routes\routes.ts
FN:14,(anonymous_0)
FN:22,(anonymous_1)
FNF:2
FNH:2
FNDA:5,(anonymous_0)
FNDA:5,(anonymous_1)
DA:1,5
DA:3,5
DA:4,5
DA:5,5
DA:6,5
DA:7,5
DA:12,5
DA:15,5
DA:23,5
DA:24,5
DA:25,5
DA:26,5
DA:27,5
LF:13
LH:13
BRF:0
BRH:0
end_of_record
TN:
SF:src\app\routes\security.route.ts
FN:8,(anonymous_0)
FN:17,(anonymous_1)
FNF:2
FNH:2
FNDA:5,(anonymous_0)
FNDA:5,(anonymous_1)
DA:2,5
DA:8,5
DA:9,5
DA:18,5
DA:19,5
DA:20,5
DA:21,5
DA:22,5
LF:8
LH:8
BRF:0
BRH:0
end_of_record
TN:
SF:src\app\routes\user.route.ts
FN:17,(anonymous_0)
FNF:1
FNH:1
FNDA:5,(anonymous_0)
DA:2,5
DA:8,5
DA:18,5
DA:19,5
DA:20,5
DA:21,5
DA:22,5
DA:23,5
DA:24,5
DA:25,5
LF:10
LH:10
BRF:0
BRH:0
end_of_record
TN:
SF:src\controllers\home.controller.ts
FN:4,(anonymous_0)
FNF:1
FNH:1
FNDA:1,(anonymous_0)
DA:3,5
DA:5,1
LF:2
LH:2
BRF:0
BRH:0
end_of_record
TN:
SF:src\controllers\localizations.controller.ts
FN:20,(anonymous_7)
FN:35,(anonymous_9)
FN:50,(anonymous_11)
FN:65,(anonymous_13)
FN:81,(anonymous_15)
FN:97,(anonymous_17)
FNF:6
FNH:1
FNDA:0,(anonymous_7)
FNDA:0,(anonymous_9)
FNDA:0,(anonymous_11)
FNDA:6,(anonymous_13)
FNDA:0,(anonymous_15)
FNDA:0,(anonymous_17)
DA:4,5
DA:6,5
DA:13,5
DA:21,0
DA:22,0
DA:23,0
DA:25,0
DA:26,0
DA:36,0
DA:37,0
DA:38,0
DA:40,0
DA:41,0
DA:51,0
DA:52,0
DA:53,0
DA:55,0
DA:56,0
DA:66,6
DA:67,6
DA:68,6
DA:69,0
DA:71,6
DA:72,6
DA:82,0
DA:83,0
DA:84,0
DA:85,0
DA:87,0
DA:88,0
DA:98,0
DA:99,0
DA:100,0
DA:102,0
DA:103,0
LF:35
LH:8
BRF:0
BRH:0
end_of_record
TN:
SF:src\controllers\medias.controller.ts
FN:19,(anonymous_7)
FN:34,(anonymous_9)
FN:49,(anonymous_11)
FN:64,(anonymous_13)
FN:80,(anonymous_15)
FN:96,(anonymous_17)
FNF:6
FNH:1
FNDA:0,(anonymous_7)
FNDA:0,(anonymous_9)
FNDA:0,(anonymous_11)
FNDA:1,(anonymous_13)
FNDA:0,(anonymous_15)
FNDA:0,(anonymous_17)
DA:3,5
DA:6,5
DA:8,5
DA:12,5
DA:20,0
DA:21,0
DA:22,0
DA:24,0
DA:25,0
DA:35,0
DA:36,0
DA:37,0
DA:39,0
DA:40,0
DA:50,0
DA:51,0
DA:52,0
DA:54,0
DA:55,0
DA:65,1
DA:66,1
DA:67,1
DA:68,0
DA:70,1
DA:71,1
DA:81,0
DA:82,0
DA:83,0
DA:84,0
DA:86,0
DA:87,0
DA:97,0
DA:98,0
DA:99,0
DA:101,0
DA:102,0
LF:36
LH:9
BRF:0
BRH:0
end_of_record
TN:
SF:src\controllers\securities.controller.ts
FN:16,(anonymous_7)
FN:31,(anonymous_9)
FN:46,(anonymous_11)
FN:61,(anonymous_13)
FN:77,(anonymous_15)
FN:93,(anonymous_17)
FNF:6
FNH:1
FNDA:0,(anonymous_7)
FNDA:0,(anonymous_9)
FNDA:0,(anonymous_11)
FNDA:5,(anonymous_13)
FNDA:0,(anonymous_15)
FNDA:0,(anonymous_17)
DA:3,5
DA:5,5
DA:10,5
DA:17,0
DA:18,0
DA:19,0
DA:21,0
DA:22,0
DA:32,0
DA:33,0
DA:34,0
DA:36,0
DA:37,0
DA:47,0
DA:48,0
DA:49,0
DA:51,0
DA:52,0
DA:62,5
DA:63,5
DA:64,5
DA:65,0
DA:67,5
DA:68,5
DA:78,0
DA:79,0
DA:80,0
DA:81,0
DA:83,0
DA:84,0
DA:94,0
DA:95,0
DA:96,0
DA:98,0
DA:99,0
LF:35
LH:8
BRF:0
BRH:0
end_of_record
TN:
SF:src\controllers\users.controller.ts
FN:24,(anonymous_8)
FN:39,(anonymous_10)
FN:54,(anonymous_12)
FN:69,(anonymous_14)
FN:85,(anonymous_16)
FN:101,(anonymous_18)
FN:115,(anonymous_20)
FNF:7
FNH:1
FNDA:0,(anonymous_8)
FNDA:0,(anonymous_10)
FNDA:0,(anonymous_12)
FNDA:7,(anonymous_14)
FNDA:0,(anonymous_16)
FNDA:0,(anonymous_18)
FNDA:0,(anonymous_20)
DA:9,5
DA:10,5
DA:12,5
DA:17,5
DA:25,0
DA:26,0
DA:27,0
DA:29,0
DA:30,0
DA:40,0
DA:41,0
DA:42,0
DA:44,0
DA:45,0
DA:55,0
DA:56,0
DA:57,0
DA:59,0
DA:60,0
DA:70,7
DA:71,7
DA:72,7
DA:73,0
DA:75,7
DA:76,7
DA:86,0
DA:87,0
DA:88,0
DA:89,0
DA:91,0
DA:92,0
DA:102,0
DA:103,0
DA:104,0
DA:106,0
DA:107,0
DA:116,0
DA:117,0
DA:118,0
DA:120,0
DA:121,0
DA:123,0
DA:124,0
LF:43
LH:9
BRF:0
BRH:0
end_of_record
TN:
SF:src\databases\config\config.database.ts
FN:5,(anonymous_6)
FN:13,(anonymous_7)
FN:39,(anonymous_8)
FNF:3
FNH:3
FNDA:6,(anonymous_6)
FNDA:6,(anonymous_7)
FNDA:6,(anonymous_8)
DA:1,6
DA:3,6
DA:6,6
DA:14,6
DA:40,6
DA:41,0
DA:42,6
DA:43,0
LF:8
LH:6
BRDA:41,0,0,0
BRDA:41,0,1,6
BRDA:41,0,2,0
BRF:3
BRH:1
end_of_record
TN:
SF:src\databases\models\index.ts
FN:24,(anonymous_7)
FN:27,(anonymous_8)
FN:33,(anonymous_9)
FNF:3
FNH:1
FNDA:30,(anonymous_7)
FNDA:0,(anonymous_8)
FNDA:0,(anonymous_9)
DA:3,6
DA:5,6
DA:6,6
DA:7,6
DA:9,6
DA:10,6
DA:11,6
DA:12,6
DA:18,6
DA:20,6
DA:22,6
DA:25,30
DA:28,0
DA:30,0
DA:33,6
DA:35,0
DA:37,0
DA:42,6
DA:44,6
DA:46,6
LF:20
LH:16
BRDA:10,0,0,6
BRDA:10,0,1,0
BRDA:25,1,0,30
BRDA:25,1,1,30
BRDA:25,1,2,24
BRDA:35,2,0,0
BRDA:35,2,1,0
BRF:7
BRH:4
end_of_record
TN:
SF:src\tests\db.handle.ts
FN:12,(anonymous_13)
FN:17,(anonymous_14)
FN:22,(anonymous_16)
FN:26,(anonymous_18)
FN:30,(anonymous_20)
FNF:5
FNH:5
FNDA:6,(anonymous_13)
FNDA:50,(anonymous_14)
FNDA:25,(anonymous_16)
FNDA:25,(anonymous_18)
FNDA:100,(anonymous_20)
DA:4,6
DA:6,6
DA:9,6
DA:14,6
DA:15,6
DA:18,50
DA:19,50
DA:23,25
DA:27,25
DA:31,100
DA:32,100
DA:34,100
DA:35,0
DA:37,100
LF:14
LH:13
BRDA:34,0,0,0
BRDA:34,0,1,100
BRF:2
BRH:1
end_of_record
TN:
SF:src\tests\fake.data.ts
FN:15,(anonymous_0)
FN:26,(anonymous_1)
FN:50,(anonymous_2)
FN:66,(anonymous_3)
FN:80,(anonymous_4)
FNF:5
FNH:5
FNDA:5,(anonymous_0)
FNDA:5,(anonymous_1)
FNDA:5,(anonymous_2)
FNDA:5,(anonymous_3)
FNDA:5,(anonymous_4)
DA:6,5
DA:16,5
DA:17,5
DA:18,5
DA:19,5
DA:27,5
DA:51,5
DA:67,5
DA:81,5
LF:9
LH:9
BRF:0
BRH:0
end_of_record
